<?xml version="1.0" encoding="UTF-8"?>
<!-- Generated by org.testng.reporters.JUnitXMLReporter -->
<testsuite ignored="0" hostname="LAPTOP-PO0RLHQF" failures="0" tests="93" name="Test" time="825.893" errors="0" timestamp="2022-09-21T20:07:05 CDT">
  <testcase classname="com.DSAlgo.TestCase.LinkedListTest" name="@AfterClass tearDown" time="25.251">
    <failure type="org.openqa.selenium.WebDriverException" message="Timed out waiting for driver server to stop.
Build info: version: &amp;apos;4.4.0&amp;apos;, revision: &amp;apos;e5c75ed026a&amp;apos;
System info: host: &amp;apos;LAPTOP-PO0RLHQF&amp;apos;, ip: &amp;apos;192.168.1.7&amp;apos;, os.name: &amp;apos;Windows 11&amp;apos;, os.arch: &amp;apos;amd64&amp;apos;, os.version: &amp;apos;10.0&amp;apos;, java.version: &amp;apos;18.0.2&amp;apos;
Driver info: org.openqa.selenium.chrome.ChromeDriver
Command: [0dc69661699174865456d456ec50858b, quit {}]
Capabilities {acceptInsecureCerts: false, browserName: chrome, browserVersion: 105.0.5195.127, chrome: {chromedriverVersion: 104.0.5112.79 (3cf3e8c8a07d..., userDataDir: C:\Users\priya\AppData\Loca...}, goog:chromeOptions: {debuggerAddress: localhost:64276}, networkConnectionEnabled: false, pageLoadStrategy: normal, platformName: WINDOWS, proxy: Proxy(), se:cdp: ws://localhost:64276/devtoo..., se:cdpVersion: 105.0.5195.127, setWindowRect: true, strictFileInteractability: false, timeouts: {implicit: 0, pageLoad: 300000, script: 30000}, unhandledPromptBehavior: dismiss and notify, webauthn:extension:credBlob: true, webauthn:extension:largeBlob: true, webauthn:virtualAuthenticators: true}
Session ID: 0dc69661699174865456d456ec50858b">
      <![CDATA[org.openqa.selenium.WebDriverException: Timed out waiting for driver server to stop.
Build info: version: '4.4.0', revision: 'e5c75ed026a'
System info: host: 'LAPTOP-PO0RLHQF', ip: '192.168.1.7', os.name: 'Windows 11', os.arch: 'amd64', os.version: '10.0', java.version: '18.0.2'
Driver info: org.openqa.selenium.chrome.ChromeDriver
Command: [0dc69661699174865456d456ec50858b, quit {}]
Capabilities {acceptInsecureCerts: false, browserName: chrome, browserVersion: 105.0.5195.127, chrome: {chromedriverVersion: 104.0.5112.79 (3cf3e8c8a07d..., userDataDir: C:\Users\priya\AppData\Loca...}, goog:chromeOptions: {debuggerAddress: localhost:64276}, networkConnectionEnabled: false, pageLoadStrategy: normal, platformName: WINDOWS, proxy: Proxy(), se:cdp: ws://localhost:64276/devtoo..., se:cdpVersion: 105.0.5195.127, setWindowRect: true, strictFileInteractability: false, timeouts: {implicit: 0, pageLoad: 300000, script: 30000}, unhandledPromptBehavior: dismiss and notify, webauthn:extension:credBlob: true, webauthn:extension:largeBlob: true, webauthn:virtualAuthenticators: true}
Session ID: 0dc69661699174865456d456ec50858b
at org.openqa.selenium.remote.service.DriverCommandExecutor.execute(DriverCommandExecutor.java:132)
at org.openqa.selenium.remote.RemoteWebDriver.execute(RemoteWebDriver.java:547)
at org.openqa.selenium.remote.RemoteWebDriver.execute(RemoteWebDriver.java:602)
at org.openqa.selenium.remote.RemoteWebDriver.execute(RemoteWebDriver.java:606)
at org.openqa.selenium.remote.RemoteWebDriver.quit(RemoteWebDriver.java:443)
at org.openqa.selenium.chromium.ChromiumDriver.quit(ChromiumDriver.java:280)
at com.DSAlgo.TestCase.LinkedListTest.tearDown(LinkedListTest.java:154)
at java.base/java.util.ArrayList.forEach(ArrayList.java:1511)
Caused by: java.util.concurrent.ExecutionException: org.openqa.selenium.TimeoutException: Process timed out after waiting for 20000 ms.
Build info: version: '4.4.0', revision: 'e5c75ed026a'
System info: host: 'LAPTOP-PO0RLHQF', ip: '192.168.1.7', os.name: 'Windows 11', os.arch: 'amd64', os.version: '10.0', java.version: '18.0.2'
Driver info: driver.version: unknown
at java.base/java.util.concurrent.CompletableFuture.reportGet(CompletableFuture.java:396)
at java.base/java.util.concurrent.CompletableFuture.get(CompletableFuture.java:2096)
at org.openqa.selenium.remote.service.DriverCommandExecutor.execute(DriverCommandExecutor.java:128)
... 30 more
Caused by: org.openqa.selenium.TimeoutException: Process timed out after waiting for 20000 ms.
Build info: version: '4.4.0', revision: 'e5c75ed026a'
System info: host: 'LAPTOP-PO0RLHQF', ip: '192.168.1.7', os.name: 'Windows 11', os.arch: 'amd64', os.version: '10.0', java.version: '18.0.2'
Driver info: driver.version: unknown
at org.openqa.selenium.os.OsProcess.waitFor(OsProcess.java:174)
at org.openqa.selenium.os.CommandLine.waitFor(CommandLine.java:114)
at org.openqa.selenium.remote.service.DriverCommandExecutor.lambda$execute$2(DriverCommandExecutor.java:122)
at java.base/java.util.concurrent.CompletableFuture$AsyncSupply.run(CompletableFuture.java:1768)
at java.base/java.util.concurrent.ThreadPoolExecutor.runWorker(ThreadPoolExecutor.java:1136)
at java.base/java.util.concurrent.ThreadPoolExecutor$Worker.run(ThreadPoolExecutor.java:635)
at java.base/java.lang.Thread.run(Thread.java:833)
... Removed 23 stack frames]]>
    </failure>
  </testcase> <!-- @AfterClass tearDown -->
  <testcase classname="com.DSAlgo.TestCase.StackPageTest" name="@AfterClass tearDown" time="24.737">
    <failure type="org.openqa.selenium.WebDriverException" message="Timed out waiting for driver server to stop.
Build info: version: &amp;apos;4.4.0&amp;apos;, revision: &amp;apos;e5c75ed026a&amp;apos;
System info: host: &amp;apos;LAPTOP-PO0RLHQF&amp;apos;, ip: &amp;apos;192.168.1.7&amp;apos;, os.name: &amp;apos;Windows 11&amp;apos;, os.arch: &amp;apos;amd64&amp;apos;, os.version: &amp;apos;10.0&amp;apos;, java.version: &amp;apos;18.0.2&amp;apos;
Driver info: org.openqa.selenium.chrome.ChromeDriver
Command: [830cae52bcc2081c3331333419af7fed, quit {}]
Capabilities {acceptInsecureCerts: false, browserName: chrome, browserVersion: 105.0.5195.127, chrome: {chromedriverVersion: 104.0.5112.79 (3cf3e8c8a07d..., userDataDir: C:\Users\priya\AppData\Loca...}, goog:chromeOptions: {debuggerAddress: localhost:64378}, networkConnectionEnabled: false, pageLoadStrategy: normal, platformName: WINDOWS, proxy: Proxy(), se:cdp: ws://localhost:64378/devtoo..., se:cdpVersion: 105.0.5195.127, setWindowRect: true, strictFileInteractability: false, timeouts: {implicit: 0, pageLoad: 300000, script: 30000}, unhandledPromptBehavior: dismiss and notify, webauthn:extension:credBlob: true, webauthn:extension:largeBlob: true, webauthn:virtualAuthenticators: true}
Session ID: 830cae52bcc2081c3331333419af7fed">
      <![CDATA[org.openqa.selenium.WebDriverException: Timed out waiting for driver server to stop.
Build info: version: '4.4.0', revision: 'e5c75ed026a'
System info: host: 'LAPTOP-PO0RLHQF', ip: '192.168.1.7', os.name: 'Windows 11', os.arch: 'amd64', os.version: '10.0', java.version: '18.0.2'
Driver info: org.openqa.selenium.chrome.ChromeDriver
Command: [830cae52bcc2081c3331333419af7fed, quit {}]
Capabilities {acceptInsecureCerts: false, browserName: chrome, browserVersion: 105.0.5195.127, chrome: {chromedriverVersion: 104.0.5112.79 (3cf3e8c8a07d..., userDataDir: C:\Users\priya\AppData\Loca...}, goog:chromeOptions: {debuggerAddress: localhost:64378}, networkConnectionEnabled: false, pageLoadStrategy: normal, platformName: WINDOWS, proxy: Proxy(), se:cdp: ws://localhost:64378/devtoo..., se:cdpVersion: 105.0.5195.127, setWindowRect: true, strictFileInteractability: false, timeouts: {implicit: 0, pageLoad: 300000, script: 30000}, unhandledPromptBehavior: dismiss and notify, webauthn:extension:credBlob: true, webauthn:extension:largeBlob: true, webauthn:virtualAuthenticators: true}
Session ID: 830cae52bcc2081c3331333419af7fed
at org.openqa.selenium.remote.service.DriverCommandExecutor.execute(DriverCommandExecutor.java:132)
at org.openqa.selenium.remote.RemoteWebDriver.execute(RemoteWebDriver.java:547)
at org.openqa.selenium.remote.RemoteWebDriver.execute(RemoteWebDriver.java:602)
at org.openqa.selenium.remote.RemoteWebDriver.execute(RemoteWebDriver.java:606)
at org.openqa.selenium.remote.RemoteWebDriver.quit(RemoteWebDriver.java:443)
at org.openqa.selenium.chromium.ChromiumDriver.quit(ChromiumDriver.java:280)
at com.DSAlgo.TestCase.StackPageTest.tearDown(StackPageTest.java:120)
at java.base/java.util.ArrayList.forEach(ArrayList.java:1511)
Caused by: java.util.concurrent.ExecutionException: org.openqa.selenium.TimeoutException: Process timed out after waiting for 20000 ms.
Build info: version: '4.4.0', revision: 'e5c75ed026a'
System info: host: 'LAPTOP-PO0RLHQF', ip: '192.168.1.7', os.name: 'Windows 11', os.arch: 'amd64', os.version: '10.0', java.version: '18.0.2'
Driver info: driver.version: unknown
at java.base/java.util.concurrent.CompletableFuture.reportGet(CompletableFuture.java:396)
at java.base/java.util.concurrent.CompletableFuture.get(CompletableFuture.java:2096)
at org.openqa.selenium.remote.service.DriverCommandExecutor.execute(DriverCommandExecutor.java:128)
... 30 more
Caused by: org.openqa.selenium.TimeoutException: Process timed out after waiting for 20000 ms.
Build info: version: '4.4.0', revision: 'e5c75ed026a'
System info: host: 'LAPTOP-PO0RLHQF', ip: '192.168.1.7', os.name: 'Windows 11', os.arch: 'amd64', os.version: '10.0', java.version: '18.0.2'
Driver info: driver.version: unknown
at org.openqa.selenium.os.OsProcess.waitFor(OsProcess.java:174)
at org.openqa.selenium.os.CommandLine.waitFor(CommandLine.java:114)
at org.openqa.selenium.remote.service.DriverCommandExecutor.lambda$execute$2(DriverCommandExecutor.java:122)
at java.base/java.util.concurrent.CompletableFuture$AsyncSupply.run(CompletableFuture.java:1768)
at java.base/java.util.concurrent.ThreadPoolExecutor.runWorker(ThreadPoolExecutor.java:1136)
at java.base/java.util.concurrent.ThreadPoolExecutor$Worker.run(ThreadPoolExecutor.java:635)
at java.base/java.lang.Thread.run(Thread.java:833)
... Removed 23 stack frames]]>
    </failure>
  </testcase> <!-- @AfterClass tearDown -->
  <testcase classname="com.DSAlgo.TestCase.landingPageTest" name="validatelandingpageTest" time="0.1"/>
  <testcase classname="com.DSAlgo.TestCase.landingPageTest" name="verifyLandingPagetitleTest" time="0.01"/>
  <testcase classname="com.DSAlgo.TestCase.landingPageTest" name="clickOnGetStartedTest" time="1.194"/>
  <testcase classname="com.DSAlgo.TestCase.HomePageTest" name="beforeLoginClickTest" time="0.672"/>
  <testcase classname="com.DSAlgo.TestCase.HomePageTest" name="clickRegisterBtnTest" time="0.505"/>
  <testcase classname="com.DSAlgo.TestCase.HomePageTest" name="clickSignInTest" time="4.557"/>
  <testcase classname="com.DSAlgo.TestCase.HomePageTest" name="signOutTest" time="15.739"/>
  <testcase classname="com.DSAlgo.TestCase.HomePageTest" name="validatedropDownlinkTest" time="2.401"/>
  <testcase classname="com.DSAlgo.TestCase.HomePageTest" name="validateloginFromdropDownTest" time="16.199"/>
  <testcase classname="com.DSAlgo.TestCase.RegistrationPageTest" name="registrationTest" time="7.911"/>
  <testcase classname="com.DSAlgo.TestCase.RegistrationPageTest" name="registrationTest" time="7.922"/>
  <testcase classname="com.DSAlgo.TestCase.RegistrationPageTest" name="registrationTest" time="8.161"/>
  <testcase classname="com.DSAlgo.TestCase.RegistrationPageTest" name="registrationTest" time="2.9"/>
  <testcase classname="com.DSAlgo.TestCase.RegistrationPageTest" name="registrationTest" time="2.615"/>
  <testcase classname="com.DSAlgo.TestCase.RegistrationPageTest" name="registrationTest" time="2.674"/>
  <testcase classname="com.DSAlgo.TestCase.RegistrationPageTest" name="registrationTest" time="2.751"/>
  <testcase classname="com.DSAlgo.TestCase.RegistrationPageTest" name="registrationTest" time="2.957"/>
  <testcase classname="com.DSAlgo.TestCase.LogInPageTest" name="logintest" time="5.339"/>
  <testcase classname="com.DSAlgo.TestCase.LogInPageTest" name="logintest" time="5.359"/>
  <testcase classname="com.DSAlgo.TestCase.LogInPageTest" name="logintest" time="0.647"/>
  <testcase classname="com.DSAlgo.TestCase.LogInPageTest" name="logintest" time="0.818"/>
  <testcase classname="com.DSAlgo.TestCase.LogInPageTest" name="logintest" time="0.661"/>
  <testcase classname="com.DSAlgo.TestCase.LogInPageTest" name="logintest" time="0.6"/>
  <testcase classname="com.DSAlgo.TestCase.DataStructureTest" name="click_Getstarted_below_DataStructureTest" time="1.379"/>
  <testcase classname="com.DSAlgo.TestCase.DataStructureTest" name="click_timeComplexityTest" time="1.312"/>
  <testcase classname="com.DSAlgo.TestCase.DataStructureTest" name="click_practiceQnsTest" time="3.295"/>
  <testcase classname="com.DSAlgo.TestCase.DataStructureTest" name="click_tryHereTest" time="3.701"/>
  <testcase classname="com.DSAlgo.TestCase.DataStructureTest" name="sendCodeTest" time="6.856"/>
  <testcase classname="com.DSAlgo.TestCase.DataStructureTest" name="signOut_from_dataStructurePage_Test" time="0.401"/>
  <testcase classname="com.DSAlgo.TestCase.ArrayPageTest" name="arrayPageOpenTest" time="2.653"/>
  <testcase classname="com.DSAlgo.TestCase.ArrayPageTest" name="clickArrayInPythonTest" time="2.69"/>
  <testcase classname="com.DSAlgo.TestCase.ArrayPageTest" name="clickTryBtn_ArrayInPythonTest" time="2.958"/>
  <testcase classname="com.DSAlgo.TestCase.ArrayPageTest" name="addTextTryEditor_ArrayInPythonTest" time="0.418"/>
  <testcase classname="com.DSAlgo.TestCase.ArrayPageTest" name="clickArrayUsingListTest" time="2.471"/>
  <testcase classname="com.DSAlgo.TestCase.ArrayPageTest" name="clickTryBtn_ArrayUsingListTest" time="2.362"/>
  <testcase classname="com.DSAlgo.TestCase.ArrayPageTest" name="addTextTryEditor_ArrayUsingListTest" time="0.466"/>
  <testcase classname="com.DSAlgo.TestCase.ArrayPageTest" name="clickBasicOperrationListTest" time="2.463"/>
  <testcase classname="com.DSAlgo.TestCase.ArrayPageTest" name="clickTryBtn_BasicOperrationListTest" time="2.6"/>
  <testcase classname="com.DSAlgo.TestCase.ArrayPageTest" name="addTextTryEditor_BasicOperrationListTest" time="0.418"/>
  <testcase classname="com.DSAlgo.TestCase.ArrayPageTest" name="clickApplicationOfArrayTest" time="2.749"/>
  <testcase classname="com.DSAlgo.TestCase.ArrayPageTest" name="clickTryBtn_ApplicationOfArrayTest" time="2.614"/>
  <testcase classname="com.DSAlgo.TestCase.ArrayPageTest" name="addTextTryEditor_ApplicationOfArrayTest" time="0.362"/>
  <testcase classname="com.DSAlgo.TestCase.ArrayPageTest" name="clickPracticeQuestionTest" time="2.393"/>
  <testcase classname="com.DSAlgo.TestCase.ArrayPageTest" name="clickSearchOfArrayTest" time="8.501"/>
  <testcase classname="com.DSAlgo.TestCase.ArrayPageTest" name="clickMaxConsOneTest" time="9.692"/>
  <testcase classname="com.DSAlgo.TestCase.ArrayPageTest" name="clickFindNumEvenDigTest" time="8.038"/>
  <testcase classname="com.DSAlgo.TestCase.ArrayPageTest" name="clickSqarOfSortedArrayTest" time="8.227"/>
  <testcase classname="com.DSAlgo.TestCase.ArrayPageTest" name="signOut_from_array_Test" time="0.489"/>
  <testcase classname="com.DSAlgo.TestCase.LinkedListTest" name="click_Getstarted_below_LinkedListTest" time="1.576"/>
  <testcase classname="com.DSAlgo.TestCase.LinkedListTest" name="click_Introduction_Test" time="7.294"/>
  <testcase classname="com.DSAlgo.TestCase.LinkedListTest" name="click_createLinkedlist_Test" time="6.97"/>
  <testcase classname="com.DSAlgo.TestCase.LinkedListTest" name="click_typesofLinkedlist_Test" time="5.512"/>
  <testcase classname="com.DSAlgo.TestCase.LinkedListTest" name="click_Traverse_Test" time="5.184"/>
  <testcase classname="com.DSAlgo.TestCase.LinkedListTest" name="click_Insertion_Test" time="5.145"/>
  <testcase classname="com.DSAlgo.TestCase.LinkedListTest" name="click_Deletion_Test" time="5.908"/>
  <testcase classname="com.DSAlgo.TestCase.LinkedListTest" name="click_PracticeQns_Test" time="1.548"/>
  <testcase classname="com.DSAlgo.TestCase.LinkedListTest" name="signOut_from_linkedListpage_Test" time="0.445"/>
  <testcase classname="com.DSAlgo.TestCase.StackPageTest" name="click_GetStartedStack" time="2.484"/>
  <testcase classname="com.DSAlgo.TestCase.StackPageTest" name="click_OperationInStack" time="8.41"/>
  <testcase classname="com.DSAlgo.TestCase.StackPageTest" name="click_Get_Implementation" time="6.143"/>
  <testcase classname="com.DSAlgo.TestCase.StackPageTest" name="click_Get_Application" time="6.076"/>
  <testcase classname="com.DSAlgo.TestCase.StackPageTest" name="click_Get_PracticQuestion" time="1.207"/>
  <testcase classname="com.DSAlgo.TestCase.StackPageTest" name="signOut_from_linkedListpage_Test" time="0.655"/>
  <testcase classname="com.DSAlgo.TestCase.QueuePageTest" name="click_Getstarted_below_QueuePageTest" time="1.381"/>
  <testcase classname="com.DSAlgo.TestCase.QueuePageTest" name="click_implOfQueueInPython_Test" time="8.284"/>
  <testcase classname="com.DSAlgo.TestCase.QueuePageTest" name="click_implementationUsingCollection" time="4.93"/>
  <testcase classname="com.DSAlgo.TestCase.QueuePageTest" name="cllick_implementationUsingArray" time="4.976"/>
  <testcase classname="com.DSAlgo.TestCase.QueuePageTest" name="cllick_queueOperation" time="4.936"/>
  <testcase classname="com.DSAlgo.TestCase.QueuePageTest" name="cllick_practicQuestion" time="1.175"/>
  <testcase classname="com.DSAlgo.TestCase.QueuePageTest" name="signOut_from_queuePage_Test" time="0.338"/>
  <testcase classname="com.DSAlgo.TestCase.TreePageTest" name="testForTreePage" time="0.538"/>
  <testcase classname="com.DSAlgo.TestCase.TreePageTest" name="clickOntreeBtn" time="0.644"/>
  <testcase classname="com.DSAlgo.TestCase.TreePageTest" name="clickOnTryEditor" time="7.419"/>
  <testcase classname="com.DSAlgo.TestCase.TreePageTest" name="testTerminology" time="13.788"/>
  <testcase classname="com.DSAlgo.TestCase.TreePageTest" name="testTypesOfTree" time="13.379"/>
  <testcase classname="com.DSAlgo.TestCase.TreePageTest" name="testTrTraversals" time="13.448"/>
  <testcase classname="com.DSAlgo.TestCase.TreePageTest" name="testTrTraversalsIllustartion" time="13.541"/>
  <testcase classname="com.DSAlgo.TestCase.TreePageTest" name="testBinTr" time="14.061"/>
  <testcase classname="com.DSAlgo.TestCase.TreePageTest" name="testTypesOfBinTr" time="13.65"/>
  <testcase classname="com.DSAlgo.TestCase.TreePageTest" name="testImplementationOfPython" time="13.475"/>
  <testcase classname="com.DSAlgo.TestCase.TreePageTest" name="testclickOnBinaryTrTraversals" time="13.508"/>
  <testcase classname="com.DSAlgo.TestCase.TreePageTest" name="testClickOnImplemenetationOfBinaryTr" time="13.336"/>
  <testcase classname="com.DSAlgo.TestCase.TreePageTest" name="testClickOnApplicationOfBinaryTrr" time="13.298"/>
  <testcase classname="com.DSAlgo.TestCase.TreePageTest" name="testclickOnBinarySearchTree" time="13.808"/>
  <testcase classname="com.DSAlgo.TestCase.TreePageTest" name="testClickOnImplementationOfBst" time="15.449"/>
  <testcase classname="com.DSAlgo.TestCase.GraphPageTest" name="graphPageOpenTest" time="2.421"/>
  <testcase classname="com.DSAlgo.TestCase.GraphPageTest" name="clickGraphBtnTest" time="2.429"/>
  <testcase classname="com.DSAlgo.TestCase.GraphPageTest" name="clickTryBtnTest_graph" time="3.071"/>
  <testcase classname="com.DSAlgo.TestCase.GraphPageTest" name="addTextTryEditorTest_graph" time="0.303"/>
  <testcase classname="com.DSAlgo.TestCase.GraphPageTest" name="clickGraphRepresenBtnTest" time="2.582"/>
  <testcase classname="com.DSAlgo.TestCase.GraphPageTest" name="clickTryBtnTest_GraphRepres" time="2.367"/>
  <testcase classname="com.DSAlgo.TestCase.GraphPageTest" name="addTextTryEditorTest__GraphRepres" time="0.288"/>
  <testcase classname="com.DSAlgo.TestCase.GraphPageTest" name="signOut_from_graph_Test" time="0.435"/>
</testsuite> <!-- Test -->
